2022-12-06 00:23:19,752 INFO __main__ Initiate Logger
2022-12-06 00:23:19,808 INFO __main__ INIT Drone 0
2022-12-06 00:23:19,810 INFO __main__ INIT Drone 1
2022-12-06 00:23:19,813 INFO __main__ INIT Drone 2
2022-12-06 00:23:19,816 INFO __main__ INIT Drone 3
2022-12-06 00:23:19,819 INFO __main__ INIT Drone 4
2022-12-06 00:23:19,823 INFO __main__ INIT Drone 5
2022-12-06 00:23:19,826 INFO __main__ INIT Drone 6
2022-12-06 00:23:19,829 INFO __main__ INIT Drone 7
2022-12-06 00:23:19,832 INFO __main__ INIT Drone 8
2022-12-06 00:23:19,835 INFO __main__ INIT Drone 9
2022-12-06 00:23:19,841 INFO __main__ INIT Drone 11
2022-12-06 00:23:19,844 INFO __main__ INIT Drone 12
2022-12-06 00:23:19,845 INFO __main__ INIT Drone 10
2022-12-06 00:23:19,848 INFO __main__ INIT Drone 13
2022-12-06 00:23:19,851 INFO __main__ INIT Drone 14
2022-12-06 00:23:19,855 INFO __main__ INIT Drone 15
2022-12-06 00:23:19,862 INFO __main__ INIT Drone 17
2022-12-06 00:23:19,869 INFO __main__ INIT Drone 18
2022-12-06 00:23:19,871 INFO __main__ INIT Drone 16
2022-12-06 00:23:19,873 INFO __main__ INIT Drone 19
2022-12-06 00:26:22,688 INFO __main__ Initiate Logger
2022-12-06 00:26:22,724 INFO __main__ INIT Drone 0
2022-12-06 00:26:22,727 INFO __main__ INIT Drone 1
2022-12-06 00:26:22,731 INFO __main__ INIT Drone 2
2022-12-06 00:26:22,734 INFO __main__ INIT Drone 3
2022-12-06 00:26:22,737 INFO __main__ INIT Drone 4
2022-12-06 00:26:22,739 INFO __main__ INIT Drone 5
2022-12-06 00:26:22,742 INFO __main__ INIT Drone 6
2022-12-06 00:26:22,745 INFO __main__ INIT Drone 7
2022-12-06 00:26:22,748 INFO __main__ INIT Drone 8
2022-12-06 00:26:22,752 INFO __main__ INIT Drone 9
2022-12-06 00:26:22,757 INFO __main__ INIT Drone 10
2022-12-06 00:26:22,759 INFO __main__ INIT Drone 11
2022-12-06 00:26:22,763 INFO __main__ INIT Drone 12
2022-12-06 00:26:22,764 INFO __main__ INIT Drone 13
2022-12-06 00:26:22,767 INFO __main__ INIT Drone 14
2022-12-06 00:26:22,771 INFO __main__ INIT Drone 15
2022-12-06 00:26:22,773 INFO __main__ INIT Drone 16
2022-12-06 00:26:22,781 INFO __main__ INIT Drone 17
2022-12-06 00:26:22,789 INFO __main__ INIT Drone 18
2022-12-06 00:26:22,797 INFO __main__ INIT Drone 19
2022-12-06 00:26:26,665 INFO __main__ ELECTED Drone 10
2022-12-06 00:26:39,159 INFO __main__ CLOSE Drone 10
2022-12-06 00:26:39,629 INFO __main__ CLOSE Drone 3
2022-12-06 00:26:39,838 INFO __main__ CLOSE Drone 16
2022-12-06 00:26:39,919 INFO __main__ CLOSE Drone 0
2022-12-06 00:26:39,964 INFO __main__ CLOSE Drone 17
2022-12-06 00:26:40,263 INFO __main__ CLOSE Drone 5
2022-12-06 00:26:40,293 INFO __main__ CLOSE Drone 8
2022-12-06 00:26:40,351 INFO __main__ CLOSE Drone 1
2022-12-06 00:26:40,404 INFO __main__ CLOSE Drone 2
2022-12-06 00:26:40,488 INFO __main__ CLOSE Drone 13
2022-12-06 00:26:40,587 INFO __main__ CLOSE Drone 11
2022-12-06 00:26:40,603 INFO __main__ CLOSE Drone 14
2022-12-06 00:26:40,710 INFO __main__ CLOSE Drone 4
2022-12-06 00:26:40,735 INFO __main__ CLOSE Drone 7
2022-12-06 00:26:40,825 INFO __main__ CLOSE Drone 18
2022-12-06 00:26:40,852 INFO __main__ CLOSE Drone 19
2022-12-06 00:26:40,943 INFO __main__ CLOSE Drone 6
2022-12-06 00:26:41,050 INFO __main__ CLOSE Drone 12
2022-12-06 00:26:41,150 INFO __main__ CLOSE Drone 9
2022-12-06 00:26:41,171 INFO __main__ CLOSE Drone 15
2022-12-06 00:27:09,082 INFO __main__ Initiate Logger
2022-12-06 00:27:09,138 INFO __main__ INIT Drone 0
2022-12-06 00:27:09,141 INFO __main__ INIT Drone 1
2022-12-06 00:27:09,145 INFO __main__ INIT Drone 2
2022-12-06 00:27:09,150 INFO __main__ INIT Drone 3
2022-12-06 00:27:09,154 INFO __main__ INIT Drone 4
2022-12-06 00:27:09,158 INFO __main__ INIT Drone 5
2022-12-06 00:27:09,163 INFO __main__ INIT Drone 6
2022-12-06 00:27:09,167 INFO __main__ INIT Drone 7
2022-12-06 00:27:09,171 INFO __main__ INIT Drone 8
2022-12-06 00:27:09,177 INFO __main__ INIT Drone 9
2022-12-06 00:27:09,180 INFO __main__ INIT Drone 10
2022-12-06 00:27:09,193 INFO __main__ INIT Drone 12
2022-12-06 00:27:09,194 INFO __main__ INIT Drone 11
2022-12-06 00:27:09,199 INFO __main__ INIT Drone 13
2022-12-06 00:27:09,213 INFO __main__ INIT Drone 14
2022-12-06 00:27:09,217 INFO __main__ INIT Drone 15
2022-12-06 00:27:09,234 INFO __main__ INIT Drone 16
2022-12-06 00:27:09,235 INFO __main__ INIT Drone 17
2022-12-06 00:27:09,248 INFO __main__ INIT Drone 18
2022-12-06 00:27:09,254 INFO __main__ INIT Drone 19
2022-12-06 00:27:12,021 INFO __main__ ELECTED Drone 4
2022-12-06 00:27:25,682 INFO __main__ CLOSE Drone 4
2022-12-06 00:27:26,015 INFO __main__ CLOSE Drone 2
2022-12-06 00:27:26,128 INFO __main__ CLOSE Drone 5
2022-12-06 00:27:26,238 INFO __main__ CLOSE Drone 7
2022-12-06 00:27:26,258 INFO __main__ CLOSE Drone 14
2022-12-06 00:27:26,306 INFO __main__ CLOSE Drone 8
2022-12-06 00:27:26,327 INFO __main__ CLOSE Drone 15
2022-12-06 00:27:26,333 INFO __main__ CLOSE Drone 1
2022-12-06 00:27:26,357 INFO __main__ CLOSE Drone 19
2022-12-06 00:27:26,419 INFO __main__ CLOSE Drone 6
2022-12-06 00:27:26,679 INFO __main__ CLOSE Drone 10
2022-12-06 00:27:26,686 INFO __main__ CLOSE Drone 0
2022-12-06 00:27:26,713 INFO __main__ CLOSE Drone 18
2022-12-06 00:27:26,755 INFO __main__ CLOSE Drone 12
2022-12-06 00:27:26,787 INFO __main__ CLOSE Drone 17
2022-12-06 00:27:26,805 INFO __main__ CLOSE Drone 3
2022-12-06 00:27:27,039 INFO __main__ CLOSE Drone 9
2022-12-06 00:27:27,196 INFO __main__ CLOSE Drone 13
2022-12-06 00:27:27,240 INFO __main__ CLOSE Drone 11
2022-12-06 00:27:27,268 INFO __main__ CLOSE Drone 16
2022-12-06 00:28:45,467 INFO __main__ Initiate Logger
2022-12-06 00:28:45,475 INFO __main__ INIT Drone 0
2022-12-06 00:28:45,477 INFO __main__ INIT Drone 1
2022-12-06 00:28:45,479 INFO __main__ INIT Drone 2
2022-12-06 00:28:45,481 INFO __main__ INIT Drone 3
2022-12-06 00:28:45,483 INFO __main__ INIT Drone 4
2022-12-06 00:28:45,486 INFO __main__ INIT Drone 5
2022-12-06 00:28:45,488 INFO __main__ INIT Drone 6
2022-12-06 00:28:45,491 INFO __main__ INIT Drone 7
2022-12-06 00:28:45,494 INFO __main__ INIT Drone 8
2022-12-06 00:28:45,496 INFO __main__ INIT Drone 9
2022-12-06 00:28:45,499 INFO __main__ INIT Drone 10
2022-12-06 00:28:45,501 INFO __main__ INIT Drone 11
2022-12-06 00:28:45,505 INFO __main__ INIT Drone 12
2022-12-06 00:28:45,508 INFO __main__ INIT Drone 13
2022-12-06 00:28:45,511 INFO __main__ INIT Drone 14
2022-12-06 00:28:45,515 INFO __main__ INIT Drone 15
2022-12-06 00:28:45,521 INFO __main__ INIT Drone 17
2022-12-06 00:28:45,520 INFO __main__ INIT Drone 16
2022-12-06 00:28:45,524 INFO __main__ INIT Drone 18
2022-12-06 00:28:45,530 INFO __main__ INIT Drone 19
2022-12-06 00:28:51,171 INFO __main__ ELECTED Drone 12
2022-12-06 00:28:51,211 INFO __main__ pos: [89.5218, 99.8027]
2022-12-06 00:28:51,211 INFO __main__ leader pos: [44.7609, 49.9014]
2022-12-06 00:28:51,229 INFO __main__ pos: [90.0952, 99.6262]
2022-12-06 00:28:51,229 INFO __main__ leader pos: [44.7609, 49.9014]
2022-12-06 00:28:51,249 INFO __main__ pos: [90.6804, 99.4939]
2022-12-06 00:28:51,249 INFO __main__ leader pos: [44.7609, 49.9014]
2022-12-06 00:28:51,269 INFO __main__ pos: [91.2725, 99.3965]
2022-12-06 00:28:51,271 INFO __main__ leader pos: [44.7609, 49.9014]
2022-12-06 00:28:51,291 INFO __main__ pos: [91.8652, 99.3033]
2022-12-06 00:28:51,291 INFO __main__ leader pos: [44.7609, 49.9014]
2022-12-06 00:28:51,310 INFO __main__ pos: [92.4593, 99.2193]
2022-12-06 00:28:51,310 INFO __main__ leader pos: [44.7609, 49.9014]
2022-12-06 00:28:51,330 INFO __main__ pos: [93.0546, 99.1448]
2022-12-06 00:28:51,330 INFO __main__ leader pos: [44.7609, 49.9014]
2022-12-06 00:28:51,348 INFO __main__ pos: [93.6522, 99.0906]
2022-12-06 00:28:51,349 INFO __main__ leader pos: [44.7609, 49.9014]
2022-12-06 00:28:51,368 INFO __main__ pos: [94.2507, 99.0482]
2022-12-06 00:28:51,368 INFO __main__ leader pos: [44.7609, 49.9014]
2022-12-06 00:28:51,388 INFO __main__ pos: [94.8497, 99.0138]
2022-12-06 00:28:51,388 INFO __main__ leader pos: [44.7609, 49.9014]
2022-12-06 00:28:51,407 INFO __main__ pos: [95.449, 98.9852]
2022-12-06 00:28:51,407 INFO __main__ leader pos: [44.7609, 49.9014]
2022-12-06 00:28:51,427 INFO __main__ pos: [96.0485, 98.9613]
2022-12-06 00:28:51,427 INFO __main__ leader pos: [44.7609, 49.9014]
2022-12-06 00:28:51,446 INFO __main__ pos: [96.6482, 98.9413]
2022-12-06 00:28:51,447 INFO __main__ leader pos: [44.7609, 49.9014]
2022-12-06 00:28:51,465 INFO __main__ pos: [97.248, 98.9249]
2022-12-06 00:28:51,466 INFO __main__ leader pos: [44.7609, 49.9014]
2022-12-06 00:28:51,484 INFO __main__ pos: [97.8478, 98.9117]
2022-12-06 00:28:51,484 INFO __main__ leader pos: [44.7609, 49.9014]
2022-12-06 00:28:51,503 INFO __main__ pos: [98.4477, 98.9014]
2022-12-06 00:28:51,503 INFO __main__ leader pos: [44.7609, 49.9014]
2022-12-06 00:28:51,523 INFO __main__ pos: [99.0477, 98.8938]
2022-12-06 00:28:51,524 INFO __main__ leader pos: [44.7609, 49.9014]
2022-12-06 00:28:51,543 INFO __main__ pos: [99.6477, 98.8886]
2022-12-06 00:28:51,543 INFO __main__ leader pos: [44.7609, 49.9014]
2022-12-06 00:28:51,563 INFO __main__ pos: [100.248, 98.8857]
2022-12-06 00:28:51,563 INFO __main__ leader pos: [44.7609, 49.9014]
2022-12-06 00:28:51,583 INFO __main__ pos: [100.848, 98.8848]
2022-12-06 00:28:51,583 INFO __main__ leader pos: [44.7609, 49.9014]
2022-12-06 00:28:51,603 INFO __main__ pos: [101.448, 98.8858]
2022-12-06 00:28:51,603 INFO __main__ leader pos: [44.7609, 49.9014]
2022-12-06 00:28:51,623 INFO __main__ pos: [102.048, 98.8884]
2022-12-06 00:28:51,623 INFO __main__ leader pos: [44.7609, 49.9014]
2022-12-06 00:28:51,642 INFO __main__ pos: [102.648, 98.8926]
2022-12-06 00:28:51,643 INFO __main__ leader pos: [44.7609, 49.9014]
2022-12-06 00:28:51,663 INFO __main__ pos: [103.248, 98.898]
2022-12-06 00:28:51,663 INFO __main__ leader pos: [44.7609, 49.9014]
2022-12-06 00:28:51,685 INFO __main__ pos: [103.848, 98.9045]
2022-12-06 00:28:51,685 INFO __main__ leader pos: [44.7609, 49.9014]
2022-12-06 00:28:51,705 INFO __main__ pos: [104.448, 98.912]
2022-12-06 00:28:51,706 INFO __main__ leader pos: [44.7609, 49.9014]
2022-12-06 00:28:51,725 INFO __main__ pos: [105.047, 98.9203]
2022-12-06 00:28:51,725 INFO __main__ leader pos: [44.7609, 49.9014]
2022-12-06 00:28:51,743 INFO __main__ pos: [105.647, 98.9292]
2022-12-06 00:28:51,743 INFO __main__ leader pos: [44.7609, 49.9014]
2022-12-06 00:28:51,762 INFO __main__ pos: [106.247, 98.9386]
2022-12-06 00:28:51,762 INFO __main__ leader pos: [44.7609, 49.9014]
2022-12-06 00:28:51,782 INFO __main__ pos: [106.847, 98.9482]
2022-12-06 00:28:51,782 INFO __main__ leader pos: [44.7609, 49.9014]
2022-12-06 00:28:51,801 INFO __main__ pos: [107.447, 98.958]
2022-12-06 00:28:51,801 INFO __main__ leader pos: [44.7609, 49.9014]
2022-12-06 00:28:51,821 INFO __main__ pos: [108.047, 98.9678]
2022-12-06 00:28:51,822 INFO __main__ leader pos: [44.7609, 49.9014]
2022-12-06 00:28:51,841 INFO __main__ pos: [108.647, 98.9917]
2022-12-06 00:28:51,841 INFO __main__ leader pos: [44.7609, 49.9014]
2022-12-06 00:28:51,861 INFO __main__ pos: [109.246, 99.0205]
2022-12-06 00:28:51,861 INFO __main__ leader pos: [44.7609, 49.9014]
2022-12-06 00:28:51,880 INFO __main__ pos: [109.845, 99.0503]
2022-12-06 00:28:51,881 INFO __main__ leader pos: [44.7609, 49.9014]
2022-12-06 00:28:51,901 INFO __main__ pos: [110.444, 99.0795]
2022-12-06 00:28:51,902 INFO __main__ leader pos: [44.7609, 49.9014]
2022-12-06 00:28:51,921 INFO __main__ pos: [111.044, 99.1073]
2022-12-06 00:28:51,922 INFO __main__ leader pos: [44.7609, 49.9014]
2022-12-06 00:28:51,943 INFO __main__ pos: [111.643, 99.1335]
2022-12-06 00:28:51,943 INFO __main__ leader pos: [44.7609, 49.9014]
2022-12-06 00:28:51,962 INFO __main__ pos: [112.243, 99.1578]
2022-12-06 00:28:51,963 INFO __main__ leader pos: [44.7609, 49.9014]
2022-12-06 00:28:51,983 INFO __main__ pos: [112.842, 99.1801]
2022-12-06 00:28:51,983 INFO __main__ leader pos: [44.7609, 49.9014]
2022-12-06 00:28:52,003 INFO __main__ pos: [113.442, 99.2024]
2022-12-06 00:28:52,004 INFO __main__ leader pos: [44.7609, 49.9014]
2022-12-06 00:28:52,023 INFO __main__ pos: [114.042, 99.2233]
2022-12-06 00:28:52,023 INFO __main__ leader pos: [44.7609, 49.9014]
2022-12-06 00:28:52,041 INFO __main__ pos: [114.641, 99.2423]
2022-12-06 00:28:52,042 INFO __main__ leader pos: [44.7609, 49.9014]
2022-12-06 00:28:52,060 INFO __main__ pos: [115.241, 99.2593]
2022-12-06 00:28:52,060 INFO __main__ leader pos: [44.7609, 49.9014]
2022-12-06 00:28:52,080 INFO __main__ pos: [115.841, 99.2742]
2022-12-06 00:28:52,080 INFO __main__ leader pos: [44.7609, 49.9014]
2022-12-06 00:28:52,100 INFO __main__ pos: [116.441, 99.2871]
2022-12-06 00:28:52,101 INFO __main__ leader pos: [44.7609, 49.9014]
2022-12-06 00:28:52,120 INFO __main__ pos: [117.041, 99.298]
2022-12-06 00:28:52,120 INFO __main__ leader pos: [44.7609, 49.9014]
2022-12-06 00:28:52,140 INFO __main__ pos: [117.641, 99.3071]
2022-12-06 00:28:52,140 INFO __main__ leader pos: [44.7609, 49.9014]
2022-12-06 00:28:52,161 INFO __main__ pos: [118.241, 99.3144]
2022-12-06 00:28:52,162 INFO __main__ leader pos: [44.7609, 49.9014]
2022-12-06 00:28:52,183 INFO __main__ pos: [118.84, 99.3202]
2022-12-06 00:28:52,183 INFO __main__ leader pos: [44.7609, 49.9014]
2022-12-06 00:28:52,204 INFO __main__ pos: [119.44, 99.3244]
2022-12-06 00:28:52,205 INFO __main__ leader pos: [44.7609, 49.9014]
2022-12-06 00:28:52,224 INFO __main__ pos: [120.04, 99.3273]
2022-12-06 00:28:52,224 INFO __main__ leader pos: [44.7609, 49.9014]
2022-12-06 00:28:52,243 INFO __main__ pos: [120.64, 99.329]
2022-12-06 00:28:52,244 INFO __main__ leader pos: [44.7609, 49.9014]
2022-12-06 00:28:52,263 INFO __main__ pos: [121.24, 99.3294]
2022-12-06 00:28:52,263 INFO __main__ leader pos: [44.7609, 49.9014]
2022-12-06 00:28:52,283 INFO __main__ pos: [121.84, 99.3289]
2022-12-06 00:28:52,283 INFO __main__ leader pos: [44.7609, 49.9014]
2022-12-06 00:28:52,303 INFO __main__ pos: [122.44, 99.3274]
2022-12-06 00:28:52,303 INFO __main__ leader pos: [44.7609, 49.9014]
2022-12-06 00:28:52,323 INFO __main__ pos: [123.04, 99.325]
2022-12-06 00:28:52,323 INFO __main__ leader pos: [44.7609, 49.9014]
2022-12-06 00:28:52,341 INFO __main__ pos: [123.64, 99.3218]
2022-12-06 00:28:52,341 INFO __main__ leader pos: [44.7609, 49.9014]
2022-12-06 00:28:52,361 INFO __main__ pos: [124.24, 99.3178]
2022-12-06 00:28:52,361 INFO __main__ leader pos: [44.7609, 49.9014]
2022-12-06 00:28:52,382 INFO __main__ pos: [124.84, 99.3132]
2022-12-06 00:28:52,382 INFO __main__ leader pos: [44.7609, 49.9014]
2022-12-06 00:28:52,401 INFO __main__ pos: [125.44, 99.308]
2022-12-06 00:28:52,402 INFO __main__ leader pos: [44.7609, 49.9014]
2022-12-06 00:28:52,422 INFO __main__ pos: [126.04, 99.3022]
2022-12-06 00:28:52,422 INFO __main__ leader pos: [44.7609, 49.9014]
2022-12-06 00:28:52,442 INFO __main__ pos: [126.64, 99.2959]
2022-12-06 00:28:52,442 INFO __main__ leader pos: [44.7609, 49.9014]
2022-12-06 00:28:52,461 INFO __main__ pos: [127.24, 99.2891]
2022-12-06 00:28:52,462 INFO __main__ leader pos: [44.7609, 49.9014]
2022-12-06 00:28:52,481 INFO __main__ pos: [127.84, 99.2936]
2022-12-06 00:28:52,481 INFO __main__ leader pos: [44.7609, 49.9014]
2022-12-06 00:28:52,500 INFO __main__ pos: [128.44, 99.2886]
2022-12-06 00:28:52,501 INFO __main__ leader pos: [44.7609, 49.9014]
2022-12-06 00:28:52,526 INFO __main__ pos: [129.04, 99.28]
2022-12-06 00:28:52,526 INFO __main__ leader pos: [44.7609, 49.9014]
2022-12-06 00:28:52,544 INFO __main__ pos: [129.64, 99.2704]
2022-12-06 00:28:52,544 INFO __main__ leader pos: [44.7609, 49.9014]
2022-12-06 00:28:52,562 INFO __main__ pos: [130.24, 99.2609]
2022-12-06 00:28:52,562 INFO __main__ leader pos: [44.7609, 49.9014]
2022-12-06 00:28:52,581 INFO __main__ pos: [130.84, 99.2521]
2022-12-06 00:28:52,581 INFO __main__ leader pos: [44.7609, 49.9014]
2022-12-06 00:28:52,601 INFO __main__ pos: [131.44, 99.244]
2022-12-06 00:28:52,601 INFO __main__ leader pos: [44.7609, 49.9014]
2022-12-06 00:28:52,621 INFO __main__ pos: [132.04, 99.2365]
2022-12-06 00:28:52,621 INFO __main__ leader pos: [44.7609, 49.9014]
2022-12-06 00:28:52,641 INFO __main__ pos: [132.64, 99.2297]
2022-12-06 00:28:52,641 INFO __main__ leader pos: [44.7609, 49.9014]
2022-12-06 00:28:52,661 INFO __main__ pos: [133.24, 99.2235]
2022-12-06 00:28:52,662 INFO __main__ leader pos: [44.7609, 49.9014]
2022-12-06 00:28:52,682 INFO __main__ pos: [133.84, 99.2179]
2022-12-06 00:28:52,682 INFO __main__ leader pos: [44.7609, 49.9014]
2022-12-06 00:28:52,702 INFO __main__ pos: [134.44, 99.2129]
2022-12-06 00:28:52,702 INFO __main__ leader pos: [44.7609, 49.9014]
2022-12-06 00:28:52,723 INFO __main__ pos: [135.04, 99.2085]
2022-12-06 00:28:52,724 INFO __main__ leader pos: [44.7609, 49.9014]
2022-12-06 00:28:52,742 INFO __main__ pos: [135.64, 99.2048]
2022-12-06 00:28:52,742 INFO __main__ leader pos: [44.7609, 49.9014]
2022-12-06 00:28:52,760 INFO __main__ pos: [136.24, 99.1895]
2022-12-06 00:28:52,760 INFO __main__ leader pos: [44.7609, 49.9014]
2022-12-06 00:28:52,779 INFO __main__ pos: [136.84, 99.191]
2022-12-06 00:28:52,779 INFO __main__ leader pos: [44.7609, 49.9014]
2022-12-06 00:28:52,798 INFO __main__ pos: [137.439, 99.2163]
2022-12-06 00:28:52,798 INFO __main__ leader pos: [44.7609, 49.9014]
2022-12-06 00:28:52,818 INFO __main__ pos: [138.038, 99.2522]
2022-12-06 00:28:52,818 INFO __main__ leader pos: [44.7609, 49.9014]
2022-12-06 00:28:52,837 INFO __main__ pos: [138.637, 99.2926]
2022-12-06 00:28:52,838 INFO __main__ leader pos: [44.7609, 49.9014]
2022-12-06 00:28:52,856 INFO __main__ pos: [139.235, 99.3347]
2022-12-06 00:28:52,857 INFO __main__ leader pos: [44.7609, 49.9014]
2022-12-06 00:28:52,876 INFO __main__ pos: [139.834, 99.3776]
2022-12-06 00:28:52,876 INFO __main__ leader pos: [44.7609, 49.9014]
2022-12-06 00:28:52,895 INFO __main__ pos: [140.432, 99.4211]
2022-12-06 00:28:52,895 INFO __main__ leader pos: [44.7609, 49.9014]
2022-12-06 00:28:52,912 INFO __main__ pos: [141.03, 99.4656]
2022-12-06 00:28:52,913 INFO __main__ leader pos: [44.7609, 49.9014]
2022-12-06 00:28:52,931 INFO __main__ pos: [141.629, 99.512]
2022-12-06 00:28:52,931 INFO __main__ leader pos: [44.7609, 49.9014]
2022-12-06 00:28:52,951 INFO __main__ pos: [142.226, 99.5612]
2022-12-06 00:28:52,951 INFO __main__ leader pos: [44.7609, 49.9014]
2022-12-06 00:28:52,970 INFO __main__ pos: [142.825, 99.601]
2022-12-06 00:28:52,970 INFO __main__ leader pos: [44.7609, 49.9014]
2022-12-06 00:28:52,990 INFO __main__ pos: [143.424, 99.6416]
2022-12-06 00:28:52,990 INFO __main__ leader pos: [44.7609, 49.9014]
2022-12-06 00:28:53,010 INFO __main__ pos: [144.022, 99.6866]
2022-12-06 00:28:53,010 INFO __main__ leader pos: [44.7609, 49.9014]
2022-12-06 00:28:53,029 INFO __main__ pos: [144.62, 99.7323]
2022-12-06 00:28:53,030 INFO __main__ leader pos: [44.7609, 49.9014]
2022-12-06 00:28:53,048 INFO __main__ pos: [145.219, 99.7688]
2022-12-06 00:28:53,049 INFO __main__ leader pos: [44.7609, 49.9014]
2022-12-06 00:28:53,140 INFO __main__ pos: [145.819, 99.786]
2022-12-06 00:28:53,140 INFO __main__ leader pos: [44.7609, 49.9014]
2022-12-06 00:28:53,158 INFO __main__ pos: [146.419, 99.7689]
2022-12-06 00:28:53,158 INFO __main__ leader pos: [44.7609, 49.9014]
2022-12-06 00:28:53,175 INFO __main__ pos: [147.018, 99.7495]
2022-12-06 00:28:53,175 INFO __main__ leader pos: [44.7609, 49.9014]
2022-12-06 00:28:53,193 INFO __main__ pos: [147.618, 99.7273]
2022-12-06 00:28:53,193 INFO __main__ leader pos: [44.7609, 49.9014]
2022-12-06 00:28:53,211 INFO __main__ pos: [148.218, 99.7034]
2022-12-06 00:28:53,211 INFO __main__ leader pos: [44.7609, 49.9014]
2022-12-06 00:28:53,228 INFO __main__ pos: [148.817, 99.6792]
2022-12-06 00:28:53,229 INFO __main__ leader pos: [44.7609, 49.9014]
2022-12-06 00:28:53,246 INFO __main__ pos: [149.417, 99.6557]
2022-12-06 00:28:53,246 INFO __main__ leader pos: [44.7609, 49.9014]
2022-12-06 00:28:53,264 INFO __main__ pos: [150.016, 99.6337]
2022-12-06 00:28:53,264 INFO __main__ leader pos: [44.7609, 49.9014]
2022-12-06 00:28:53,282 INFO __main__ pos: [150.616, 99.6134]
2022-12-06 00:28:53,282 INFO __main__ leader pos: [44.7609, 49.9014]
2022-12-06 00:28:53,300 INFO __main__ pos: [151.216, 99.595]
2022-12-06 00:28:53,300 INFO __main__ leader pos: [44.7609, 49.9014]
2022-12-06 00:28:53,318 INFO __main__ pos: [151.815, 99.5782]
2022-12-06 00:28:53,318 INFO __main__ leader pos: [44.7609, 49.9014]
2022-12-06 00:28:53,336 INFO __main__ pos: [152.415, 99.5632]
2022-12-06 00:28:53,336 INFO __main__ leader pos: [44.7609, 49.9014]
2022-12-06 00:28:53,353 INFO __main__ pos: [153.015, 99.5496]
2022-12-06 00:28:53,353 INFO __main__ leader pos: [44.7609, 49.9014]
2022-12-06 00:28:53,371 INFO __main__ pos: [153.615, 99.5375]
2022-12-06 00:28:53,371 INFO __main__ leader pos: [44.7609, 49.9014]
2022-12-06 00:28:53,389 INFO __main__ pos: [154.215, 99.5268]
2022-12-06 00:28:53,390 INFO __main__ leader pos: [44.7609, 49.9014]
2022-12-06 00:28:53,407 INFO __main__ pos: [154.815, 99.5172]
2022-12-06 00:28:53,408 INFO __main__ leader pos: [44.7609, 49.9014]
2022-12-06 00:28:53,425 INFO __main__ pos: [155.414, 99.495]
2022-12-06 00:28:53,425 INFO __main__ leader pos: [44.7609, 49.9014]
2022-12-06 00:28:53,443 INFO __main__ pos: [156.014, 99.4704]
2022-12-06 00:28:53,443 INFO __main__ leader pos: [44.7609, 49.9014]
2022-12-06 00:28:53,461 INFO __main__ pos: [156.613, 99.4475]
2022-12-06 00:28:53,461 INFO __main__ leader pos: [44.7609, 49.9014]
2022-12-06 00:28:53,479 INFO __main__ pos: [157.213, 99.4277]
2022-12-06 00:28:53,479 INFO __main__ leader pos: [44.7609, 49.9014]
2022-12-06 00:28:53,497 INFO __main__ pos: [157.813, 99.4117]
2022-12-06 00:28:53,498 INFO __main__ leader pos: [44.7609, 49.9014]
2022-12-06 00:28:53,516 INFO __main__ pos: [158.413, 99.3996]
2022-12-06 00:28:53,516 INFO __main__ leader pos: [44.7609, 49.9014]
2022-12-06 00:28:53,534 INFO __main__ pos: [159.013, 99.3919]
2022-12-06 00:28:53,534 INFO __main__ leader pos: [44.7609, 49.9014]
2022-12-06 00:28:53,552 INFO __main__ pos: [159.613, 99.3896]
2022-12-06 00:28:53,552 INFO __main__ leader pos: [44.7609, 49.9014]
2022-12-06 00:28:53,570 INFO __main__ pos: [160.213, 99.3949]
2022-12-06 00:28:53,570 INFO __main__ leader pos: [44.7609, 49.9014]
2022-12-06 00:28:53,588 INFO __main__ pos: [160.812, 99.4119]
2022-12-06 00:28:53,588 INFO __main__ leader pos: [44.7609, 49.9014]
2022-12-06 00:28:53,606 INFO __main__ pos: [161.411, 99.4489]
2022-12-06 00:28:53,606 INFO __main__ leader pos: [44.7609, 49.9014]
2022-12-06 00:28:53,624 INFO __main__ pos: [162.007, 99.5174]
2022-12-06 00:28:53,624 INFO __main__ leader pos: [44.7609, 49.9014]
2022-12-06 00:28:53,642 INFO __main__ pos: [162.6, 99.6096]
2022-12-06 00:28:53,642 INFO __main__ leader pos: [44.7609, 49.9014]
2022-12-06 00:28:53,660 INFO __main__ pos: [163.197, 99.6681]
2022-12-06 00:28:53,660 INFO __main__ leader pos: [44.7609, 49.9014]
2022-12-06 00:28:53,677 INFO __main__ pos: [163.797, 99.6824]
2022-12-06 00:28:53,678 INFO __main__ leader pos: [44.7609, 49.9014]
2022-12-06 00:28:53,695 INFO __main__ pos: [164.397, 99.6618]
2022-12-06 00:28:53,695 INFO __main__ leader pos: [44.7609, 49.9014]
2022-12-06 00:28:53,713 INFO __main__ pos: [164.995, 99.6211]
2022-12-06 00:28:53,713 INFO __main__ leader pos: [44.7609, 49.9014]
2022-12-06 00:33:38,906 INFO __main__ Initiate Logger
2022-12-06 00:33:38,937 INFO __main__ INIT Drone 0
2022-12-06 00:33:38,939 INFO __main__ INIT Drone 1
2022-12-06 00:33:38,941 INFO __main__ INIT Drone 2
2022-12-06 00:33:38,943 INFO __main__ INIT Drone 3
2022-12-06 00:33:38,947 INFO __main__ INIT Drone 4
2022-12-06 00:33:38,948 INFO __main__ INIT Drone 5
2022-12-06 00:33:38,951 INFO __main__ INIT Drone 6
2022-12-06 00:33:38,954 INFO __main__ INIT Drone 7
2022-12-06 00:33:38,957 INFO __main__ INIT Drone 8
2022-12-06 00:33:38,961 INFO __main__ INIT Drone 9
2022-12-06 00:33:38,966 INFO __main__ INIT Drone 10
2022-12-06 00:33:38,970 INFO __main__ INIT Drone 11
2022-12-06 00:33:38,973 INFO __main__ INIT Drone 12
2022-12-06 00:33:38,976 INFO __main__ INIT Drone 13
2022-12-06 00:33:38,981 INFO __main__ INIT Drone 14
2022-12-06 00:33:38,990 INFO __main__ INIT Drone 15
2022-12-06 00:33:38,995 INFO __main__ INIT Drone 16
2022-12-06 00:33:38,996 INFO __main__ INIT Drone 17
2022-12-06 00:33:39,008 INFO __main__ INIT Drone 19
2022-12-06 00:33:39,015 INFO __main__ INIT Drone 18
2022-12-06 00:34:22,504 INFO __main__ Initiate Logger
2022-12-06 00:34:22,519 INFO __main__ INIT Drone 0
2022-12-06 00:34:22,522 INFO __main__ INIT Drone 1
2022-12-06 00:34:22,526 INFO __main__ INIT Drone 2
2022-12-06 00:34:22,530 INFO __main__ INIT Drone 3
2022-12-06 00:34:22,535 INFO __main__ INIT Drone 4
2022-12-06 00:34:22,540 INFO __main__ INIT Drone 5
2022-12-06 00:34:22,544 INFO __main__ INIT Drone 6
2022-12-06 00:34:22,548 INFO __main__ INIT Drone 7
2022-12-06 00:34:22,557 INFO __main__ INIT Drone 9
2022-12-06 00:34:22,557 INFO __main__ INIT Drone 8
2022-12-06 00:34:22,562 INFO __main__ INIT Drone 10
2022-12-06 00:34:22,569 INFO __main__ INIT Drone 11
2022-12-06 00:34:22,571 INFO __main__ INIT Drone 12
2022-12-06 00:34:22,580 INFO __main__ INIT Drone 13
2022-12-06 00:34:22,589 INFO __main__ INIT Drone 14
2022-12-06 00:34:22,595 INFO __main__ INIT Drone 15
2022-12-06 00:34:22,622 INFO __main__ INIT Drone 17
2022-12-06 00:34:22,623 INFO __main__ INIT Drone 16
2022-12-06 00:34:22,650 INFO __main__ INIT Drone 19
2022-12-06 00:34:22,695 INFO __main__ INIT Drone 18
2022-12-06 00:35:00,159 INFO __main__ Initiate Logger
2022-12-06 00:35:00,219 INFO __main__ INIT Drone 0
2022-12-06 00:35:00,222 INFO __main__ INIT Drone 1
2022-12-06 00:35:00,226 INFO __main__ INIT Drone 2
2022-12-06 00:35:00,229 INFO __main__ INIT Drone 3
2022-12-06 00:35:00,235 INFO __main__ INIT Drone 4
2022-12-06 00:35:00,235 INFO __main__ INIT Drone 5
2022-12-06 00:35:00,239 INFO __main__ INIT Drone 6
2022-12-06 00:35:00,244 INFO __main__ INIT Drone 7
2022-12-06 00:35:00,246 INFO __main__ INIT Drone 8
2022-12-06 00:35:00,250 INFO __main__ INIT Drone 9
2022-12-06 00:35:00,255 INFO __main__ INIT Drone 10
2022-12-06 00:35:00,256 INFO __main__ INIT Drone 11
2022-12-06 00:35:00,260 INFO __main__ INIT Drone 12
2022-12-06 00:35:00,266 INFO __main__ INIT Drone 13
2022-12-06 00:35:00,269 INFO __main__ INIT Drone 14
2022-12-06 00:35:00,270 INFO __main__ INIT Drone 15
2022-12-06 00:35:00,275 INFO __main__ INIT Drone 16
2022-12-06 00:35:00,277 INFO __main__ INIT Drone 17
2022-12-06 00:35:00,284 INFO __main__ INIT Drone 19
2022-12-06 00:35:00,285 INFO __main__ INIT Drone 18
2022-12-06 00:35:04,776 INFO __main__ ELECTED Drone 12
2022-12-06 00:35:17,520 INFO __main__ CLOSE Drone 4
2022-12-06 00:35:17,540 INFO __main__ CLOSE Drone 5
2022-12-06 00:35:17,601 INFO __main__ CLOSE Drone 8
2022-12-06 00:35:17,602 INFO __main__ CLOSE Drone 6
2022-12-06 00:35:27,227 INFO __main__ Initiate Logger
2022-12-06 00:35:27,340 INFO __main__ INIT Drone 0
2022-12-06 00:35:27,348 INFO __main__ INIT Drone 1
2022-12-06 00:35:27,354 INFO __main__ INIT Drone 2
2022-12-06 00:35:27,359 INFO __main__ INIT Drone 3
2022-12-06 00:35:27,363 INFO __main__ INIT Drone 4
2022-12-06 00:35:27,367 INFO __main__ INIT Drone 5
2022-12-06 00:35:27,370 INFO __main__ INIT Drone 6
2022-12-06 00:35:27,376 INFO __main__ INIT Drone 8
2022-12-06 00:35:27,377 INFO __main__ INIT Drone 7
2022-12-06 00:35:27,380 INFO __main__ INIT Drone 9
2022-12-06 00:35:27,386 INFO __main__ INIT Drone 11
2022-12-06 00:35:27,387 INFO __main__ INIT Drone 10
2022-12-06 00:35:27,391 INFO __main__ INIT Drone 12
2022-12-06 00:35:27,394 INFO __main__ INIT Drone 13
2022-12-06 00:35:27,397 INFO __main__ INIT Drone 14
2022-12-06 00:35:27,400 INFO __main__ INIT Drone 15
2022-12-06 00:35:27,406 INFO __main__ INIT Drone 16
2022-12-06 00:35:27,407 INFO __main__ INIT Drone 17
2022-12-06 00:35:27,420 INFO __main__ INIT Drone 18
2022-12-06 00:35:27,423 INFO __main__ INIT Drone 19
2022-12-06 00:35:34,940 INFO __main__ ELECTED Drone 13
2022-12-06 00:35:49,728 INFO __main__ CLOSE Drone 7
2022-12-06 00:35:49,865 INFO __main__ CLOSE Drone 2
2022-12-06 00:35:49,995 INFO __main__ CLOSE Drone 6
2022-12-06 00:35:50,029 INFO __main__ CLOSE Drone 9
2022-12-06 00:35:50,036 INFO __main__ CLOSE Drone 8
2022-12-06 00:35:50,055 INFO __main__ CLOSE Drone 13
2022-12-06 00:35:50,062 INFO __main__ CLOSE Drone 11
2022-12-06 00:35:50,062 INFO __main__ CLOSE Drone 12
2022-12-06 00:35:50,112 INFO __main__ CLOSE Drone 10
2022-12-06 00:35:50,119 INFO __main__ CLOSE Drone 5
2022-12-06 00:35:50,121 INFO __main__ CLOSE Drone 17
2022-12-06 00:35:50,176 INFO __main__ CLOSE Drone 15
2022-12-06 00:35:50,202 INFO __main__ CLOSE Drone 18
2022-12-06 00:35:50,205 INFO __main__ CLOSE Drone 4
2022-12-06 00:35:50,219 INFO __main__ CLOSE Drone 0
2022-12-06 00:35:50,247 INFO __main__ CLOSE Drone 3
2022-12-06 00:35:50,280 INFO __main__ CLOSE Drone 16
2022-12-06 00:35:50,288 INFO __main__ CLOSE Drone 1
2022-12-06 00:35:50,307 INFO __main__ CLOSE Drone 19
2022-12-06 00:35:50,328 INFO __main__ CLOSE Drone 14
2022-12-06 00:37:07,009 INFO __main__ Initiate Logger
2022-12-06 00:37:07,064 INFO __main__ INIT Drone 0
2022-12-06 00:37:07,067 INFO __main__ INIT Drone 1
2022-12-06 00:37:07,071 INFO __main__ INIT Drone 2
2022-12-06 00:37:07,076 INFO __main__ INIT Drone 3
2022-12-06 00:37:07,079 INFO __main__ INIT Drone 4
2022-12-06 00:37:07,082 INFO __main__ INIT Drone 5
2022-12-06 00:37:07,086 INFO __main__ INIT Drone 6
2022-12-06 00:37:07,091 INFO __main__ INIT Drone 7
2022-12-06 00:37:07,094 INFO __main__ INIT Drone 8
2022-12-06 00:37:07,101 INFO __main__ INIT Drone 10
2022-12-06 00:37:07,104 INFO __main__ INIT Drone 11
2022-12-06 00:37:07,106 INFO __main__ INIT Drone 9
2022-12-06 00:37:07,118 INFO __main__ INIT Drone 12
2022-12-06 00:37:07,120 INFO __main__ INIT Drone 13
2022-12-06 00:37:07,124 INFO __main__ INIT Drone 14
2022-12-06 00:37:07,132 INFO __main__ INIT Drone 15
2022-12-06 00:37:07,137 INFO __main__ INIT Drone 16
2022-12-06 00:37:07,145 INFO __main__ INIT Drone 18
2022-12-06 00:37:07,144 INFO __main__ INIT Drone 17
2022-12-06 00:37:07,161 INFO __main__ INIT Drone 19
2022-12-06 00:37:12,996 INFO __main__ ELECTED Drone 16
2022-12-06 00:37:29,070 INFO __main__ CLOSE Drone 6
2022-12-06 00:37:29,104 INFO __main__ CLOSE Drone 16
2022-12-06 00:37:29,326 INFO __main__ CLOSE Drone 3
2022-12-06 00:37:29,390 INFO __main__ CLOSE Drone 15
2022-12-06 00:37:29,409 INFO __main__ CLOSE Drone 4
2022-12-06 00:37:29,482 INFO __main__ CLOSE Drone 18
2022-12-06 00:37:29,496 INFO __main__ CLOSE Drone 2
2022-12-06 00:37:29,533 INFO __main__ CLOSE Drone 7
2022-12-06 00:37:29,535 INFO __main__ CLOSE Drone 10
2022-12-06 00:37:29,580 INFO __main__ CLOSE Drone 1
2022-12-06 00:37:29,586 INFO __main__ CLOSE Drone 14
2022-12-06 00:37:29,650 INFO __main__ CLOSE Drone 11
2022-12-06 00:37:29,659 INFO __main__ CLOSE Drone 9
2022-12-06 00:37:29,666 INFO __main__ CLOSE Drone 5
2022-12-06 00:37:29,696 INFO __main__ CLOSE Drone 12
2022-12-06 00:37:29,700 INFO __main__ CLOSE Drone 0
2022-12-06 00:37:29,708 INFO __main__ CLOSE Drone 8
2022-12-06 00:37:29,788 INFO __main__ CLOSE Drone 19
2022-12-06 00:37:29,814 INFO __main__ CLOSE Drone 13
2022-12-06 00:37:29,885 INFO __main__ CLOSE Drone 17
2022-12-06 00:38:24,329 INFO __main__ Initiate Logger
2022-12-06 00:38:24,386 INFO __main__ INIT Drone 0
2022-12-06 00:38:24,389 INFO __main__ INIT Drone 1
2022-12-06 00:38:24,392 INFO __main__ INIT Drone 2
2022-12-06 00:38:24,396 INFO __main__ INIT Drone 3
2022-12-06 00:38:24,399 INFO __main__ INIT Drone 4
2022-12-06 00:38:24,402 INFO __main__ INIT Drone 5
2022-12-06 00:38:24,405 INFO __main__ INIT Drone 6
2022-12-06 00:38:24,408 INFO __main__ INIT Drone 7
2022-12-06 00:38:24,412 INFO __main__ INIT Drone 8
2022-12-06 00:38:24,416 INFO __main__ INIT Drone 9
2022-12-06 00:38:24,419 INFO __main__ INIT Drone 10
2022-12-06 00:38:24,420 INFO __main__ INIT Drone 11
2022-12-06 00:38:24,424 INFO __main__ INIT Drone 12
2022-12-06 00:38:24,427 INFO __main__ INIT Drone 13
2022-12-06 00:38:24,433 INFO __main__ INIT Drone 14
2022-12-06 00:38:24,434 INFO __main__ INIT Drone 15
2022-12-06 00:38:24,438 INFO __main__ INIT Drone 16
2022-12-06 00:38:24,443 INFO __main__ INIT Drone 17
2022-12-06 00:38:24,451 INFO __main__ INIT Drone 18
2022-12-06 00:38:24,452 INFO __main__ INIT Drone 19
2022-12-06 00:38:29,896 INFO __main__ ELECTED Drone 1
2022-12-06 00:38:45,654 INFO __main__ CLOSE Drone 14
2022-12-06 00:38:45,671 INFO __main__ CLOSE Drone 6
2022-12-06 00:38:45,673 INFO __main__ CLOSE Drone 0
2022-12-06 00:38:45,679 INFO __main__ CLOSE Drone 8
2022-12-06 00:38:45,728 INFO __main__ CLOSE Drone 5
2022-12-06 00:38:45,760 INFO __main__ CLOSE Drone 9
2022-12-06 00:38:45,819 INFO __main__ CLOSE Drone 1
2022-12-06 00:38:45,821 INFO __main__ CLOSE Drone 4
2022-12-06 00:38:45,824 INFO __main__ CLOSE Drone 11
2022-12-06 00:38:45,857 INFO __main__ CLOSE Drone 12
2022-12-06 00:38:45,868 INFO __main__ CLOSE Drone 16
2022-12-06 00:38:45,902 INFO __main__ CLOSE Drone 7
2022-12-06 00:38:45,921 INFO __main__ CLOSE Drone 2
2022-12-06 00:38:45,962 INFO __main__ CLOSE Drone 15
2022-12-06 00:38:45,963 INFO __main__ CLOSE Drone 3
2022-12-06 00:38:45,974 INFO __main__ CLOSE Drone 19
2022-12-06 00:38:45,975 INFO __main__ CLOSE Drone 13
2022-12-06 00:38:45,995 INFO __main__ CLOSE Drone 18
2022-12-06 00:38:46,025 INFO __main__ CLOSE Drone 10
2022-12-06 00:38:46,039 INFO __main__ CLOSE Drone 17
